[0.527s] Invoking command in '/home/adashore/ros2_ws/build/robopostman': DEBUGINFOD_URLS=https://debuginfod.ubuntu.com PYTHONPATH=/home/adashore/ros2_ws/build/robopostman/prefix_override:/usr/lib/python3/dist-packages/colcon_core/task/python/colcon_distutils_commands:/home/adashore/ros2_ws/install/robopostman/lib/python3.12/site-packages:${PYTHONPATH} /usr/bin/python3 -W ignore:setup.py install is deprecated -W ignore:easy_install command is deprecated setup.py develop --editable --build-directory /home/adashore/ros2_ws/build/robopostman/build --no-deps symlink_data
[0.738s] running develop
[0.864s] running egg_info
[0.877s] writing robopostman.egg-info/PKG-INFO
[0.877s] writing dependency_links to robopostman.egg-info/dependency_links.txt
[0.877s] writing entry points to robopostman.egg-info/entry_points.txt
[0.877s] writing requirements to robopostman.egg-info/requires.txt
[0.877s] writing top-level names to robopostman.egg-info/top_level.txt
[0.902s] reading manifest file 'robopostman.egg-info/SOURCES.txt'
[0.902s] writing manifest file 'robopostman.egg-info/SOURCES.txt'
[0.916s] running build_ext
[0.916s] Creating /home/adashore/ros2_ws/install/robopostman/lib/python3.12/site-packages/robopostman.egg-link (link to .)
[0.916s] Installing camera_detector script to /home/adashore/ros2_ws/install/robopostman/lib/robopostman
[0.916s] Installing keyboard_teleop script to /home/adashore/ros2_ws/install/robopostman/lib/robopostman
[0.916s] Installing mission_manager script to /home/adashore/ros2_ws/install/robopostman/lib/robopostman
[0.916s] Installing mode_switch_gui script to /home/adashore/ros2_ws/install/robopostman/lib/robopostman
[0.916s] Installing obstacle_spawner script to /home/adashore/ros2_ws/install/robopostman/lib/robopostman
[0.917s] Installing scoring_trail script to /home/adashore/ros2_ws/install/robopostman/lib/robopostman
[0.917s] 
[0.917s] Installed /home/adashore/ros2_ws/build/robopostman
[0.917s] running symlink_data
[0.936s] Invoked command in '/home/adashore/ros2_ws/build/robopostman' returned '0': DEBUGINFOD_URLS=https://debuginfod.ubuntu.com PYTHONPATH=/home/adashore/ros2_ws/build/robopostman/prefix_override:/usr/lib/python3/dist-packages/colcon_core/task/python/colcon_distutils_commands:/home/adashore/ros2_ws/install/robopostman/lib/python3.12/site-packages:${PYTHONPATH} /usr/bin/python3 -W ignore:setup.py install is deprecated -W ignore:easy_install command is deprecated setup.py develop --editable --build-directory /home/adashore/ros2_ws/build/robopostman/build --no-deps symlink_data
