[0.525s] Invoking command in '/home/adashore/ros2_ws/build/robopostman': DEBUGINFOD_URLS=https://debuginfod.ubuntu.com PYTHONPATH=/home/adashore/ros2_ws/build/robopostman/prefix_override:/usr/lib/python3/dist-packages/colcon_core/task/python/colcon_distutils_commands:/home/adashore/ros2_ws/install/robopostman/lib/python3.12/site-packages:${PYTHONPATH} /usr/bin/python3 -W ignore:setup.py install is deprecated -W ignore:easy_install command is deprecated setup.py develop --editable --build-directory /home/adashore/ros2_ws/build/robopostman/build --no-deps symlink_data
[0.736s] running develop
[0.860s] running egg_info
[0.860s] creating robopostman.egg-info
[0.873s] writing robopostman.egg-info/PKG-INFO
[0.873s] writing dependency_links to robopostman.egg-info/dependency_links.txt
[0.873s] writing entry points to robopostman.egg-info/entry_points.txt
[0.873s] writing requirements to robopostman.egg-info/requires.txt
[0.873s] writing top-level names to robopostman.egg-info/top_level.txt
[0.873s] writing manifest file 'robopostman.egg-info/SOURCES.txt'
[0.898s] reading manifest file 'robopostman.egg-info/SOURCES.txt'
[0.898s] writing manifest file 'robopostman.egg-info/SOURCES.txt'
[0.911s] running build_ext
[0.911s] Creating /home/adashore/ros2_ws/install/robopostman/lib/python3.12/site-packages/robopostman.egg-link (link to .)
[0.911s] Installing camera_detector script to /home/adashore/ros2_ws/install/robopostman/lib/robopostman
[0.911s] Installing keyboard_teleop script to /home/adashore/ros2_ws/install/robopostman/lib/robopostman
[0.911s] Installing mission_manager script to /home/adashore/ros2_ws/install/robopostman/lib/robopostman
[0.911s] Installing mode_switch_gui script to /home/adashore/ros2_ws/install/robopostman/lib/robopostman
[0.911s] Installing obstacle_spawner script to /home/adashore/ros2_ws/install/robopostman/lib/robopostman
[0.911s] Installing scoring_trail script to /home/adashore/ros2_ws/install/robopostman/lib/robopostman
[0.912s] 
[0.912s] Installed /home/adashore/ros2_ws/build/robopostman
[0.912s] running symlink_data
[0.912s] creating /home/adashore/ros2_ws/install/robopostman/share/ament_index
[0.912s] creating /home/adashore/ros2_ws/install/robopostman/share/ament_index/resource_index
[0.912s] creating /home/adashore/ros2_ws/install/robopostman/share/ament_index/resource_index/packages
[0.912s] symbolically linking /home/adashore/ros2_ws/build/robopostman/resource/robopostman -> /home/adashore/ros2_ws/install/robopostman/share/ament_index/resource_index/packages
[0.912s] symbolically linking /home/adashore/ros2_ws/build/robopostman/package.xml -> /home/adashore/ros2_ws/install/robopostman/share/robopostman
[0.912s] creating /home/adashore/ros2_ws/install/robopostman/share/robopostman/launch
[0.912s] symbolically linking /home/adashore/ros2_ws/build/robopostman/launch/slam_only.launch.py -> /home/adashore/ros2_ws/install/robopostman/share/robopostman/launch
[0.912s] symbolically linking /home/adashore/ros2_ws/build/robopostman/launch/robopostman.launch.py -> /home/adashore/ros2_ws/install/robopostman/share/robopostman/launch
[0.912s] creating /home/adashore/ros2_ws/install/robopostman/share/robopostman/worlds
[0.912s] symbolically linking /home/adashore/ros2_ws/build/robopostman/worlds/neighborhood.sdf -> /home/adashore/ros2_ws/install/robopostman/share/robopostman/worlds
[0.912s] creating /home/adashore/ros2_ws/install/robopostman/share/robopostman/urdf
[0.912s] symbolically linking /home/adashore/ros2_ws/build/robopostman/urdf/robopostman.urdf -> /home/adashore/ros2_ws/install/robopostman/share/robopostman/urdf
[0.912s] creating /home/adashore/ros2_ws/install/robopostman/share/robopostman/config
[0.912s] symbolically linking /home/adashore/ros2_ws/build/robopostman/config/slam_toolbox_params.yaml -> /home/adashore/ros2_ws/install/robopostman/share/robopostman/config
[0.912s] symbolically linking /home/adashore/ros2_ws/build/robopostman/config/waypoints.yaml -> /home/adashore/ros2_ws/install/robopostman/share/robopostman/config
[0.912s] symbolically linking /home/adashore/ros2_ws/build/robopostman/config/nav2_params.yaml -> /home/adashore/ros2_ws/install/robopostman/share/robopostman/config
[0.912s] creating /home/adashore/ros2_ws/install/robopostman/share/robopostman/rviz
[0.912s] symbolically linking /home/adashore/ros2_ws/build/robopostman/rviz/robopostman.rviz -> /home/adashore/ros2_ws/install/robopostman/share/robopostman/rviz
[0.932s] Invoked command in '/home/adashore/ros2_ws/build/robopostman' returned '0': DEBUGINFOD_URLS=https://debuginfod.ubuntu.com PYTHONPATH=/home/adashore/ros2_ws/build/robopostman/prefix_override:/usr/lib/python3/dist-packages/colcon_core/task/python/colcon_distutils_commands:/home/adashore/ros2_ws/install/robopostman/lib/python3.12/site-packages:${PYTHONPATH} /usr/bin/python3 -W ignore:setup.py install is deprecated -W ignore:easy_install command is deprecated setup.py develop --editable --build-directory /home/adashore/ros2_ws/build/robopostman/build --no-deps symlink_data
